<?xml version="1.0" encoding="UTF-8"?>
<!-- Generated by org.testng.reporters.JUnitXMLReporter -->
<testsuite hostname="ip-172-31-83-34" ignored="2" name="Test" tests="1" failures="0" timestamp="12 Nov 2021 06:03:40 GMT" time="0.869" errors="0">
  <testcase name="@BeforeMethod setup" time="0.0" classname="test.Baseclass">
    <failure type="java.lang.NullPointerException">
      <![CDATA[java.lang.NullPointerException
at test.Baseclass.setDriver(Baseclass.java:82)
at test.Baseclass.setup(Baseclass.java:50)
... Removed 28 stack frames]]>
    </failure>
  </testcase> <!-- @BeforeMethod setup -->
  <testcase name="@AfterMethod teardown" time="0.0" classname="test.Baseclass">
    <skipped/>
  </testcase> <!-- @AfterMethod teardown -->
  <testcase name="ExcelTest" time="0.0" classname="test.LoginTest">
    <skipped/>
  </testcase> <!-- ExcelTest -->
  <testcase name="PositiveLogin" time="0.0" classname="test.LoginTest">
    <ignored/>
  </testcase> <!-- PositiveLogin -->
  <testcase name="NegativeLogin" time="0.0" classname="test.LoginTest">
    <ignored/>
  </testcase> <!-- NegativeLogin -->
</testsuite> <!-- Test -->
